This is pdfTeX, Version 3.1415926-2.5-1.40.14 (MiKTeX 2.9) (preloaded format=pdflatex 2014.3.13)  13 MAR 2014 20:29
entering extended mode
**design.tex
(C:\Users\Eduan\Documents\GitHub\COS301_Phase2\design.tex
LaTeX2e <2011/06/27>
Babel <v3.8m> and hyphenation patterns for english, afrikaans, ancientgreek, ar
abic, armenian, assamese, basque, bengali, bokmal, bulgarian, catalan, coptic, 
croatian, czech, danish, dutch, esperanto, estonian, farsi, finnish, french, ga
lician, german, german-x-2013-05-26, greek, gujarati, hindi, hungarian, iceland
ic, indonesian, interlingua, irish, italian, kannada, kurmanji, latin, latvian,
 lithuanian, malayalam, marathi, mongolian, mongolianlmc, monogreek, ngerman, n
german-x-2013-05-26, nynorsk, oriya, panjabi, pinyin, polish, portuguese, roman
ian, russian, sanskrit, serbian, slovak, slovenian, spanish, swedish, swissgerm
an, tamil, telugu, turkish, turkmen, ukenglish, ukrainian, uppersorbian, usengl
ishmax, welsh, loaded.
("C:\Program Files (x86)\MiKTeX 2.9\tex\latex\base\article.cls"
Document Class: article 2007/10/19 v1.4h Standard LaTeX document class
("C:\Program Files (x86)\MiKTeX 2.9\tex\latex\base\size12.clo"
File: size12.clo 2007/10/19 v1.4h Standard LaTeX file (size option)
)
\c@part=\count79
\c@section=\count80
\c@subsection=\count81
\c@subsubsection=\count82
\c@paragraph=\count83
\c@subparagraph=\count84
\c@figure=\count85
\c@table=\count86
\abovecaptionskip=\skip41
\belowcaptionskip=\skip42
\bibindent=\dimen102
)
("C:\Program Files (x86)\MiKTeX 2.9\tex\latex\graphics\graphicx.sty"
Package: graphicx 1999/02/16 v1.0f Enhanced LaTeX Graphics (DPC,SPQR)

("C:\Program Files (x86)\MiKTeX 2.9\tex\latex\graphics\keyval.sty"
Package: keyval 1999/03/16 v1.13 key=value parser (DPC)
\KV@toks@=\toks14
)
("C:\Program Files (x86)\MiKTeX 2.9\tex\latex\graphics\graphics.sty"
Package: graphics 2009/02/05 v1.0o Standard LaTeX Graphics (DPC,SPQR)

("C:\Program Files (x86)\MiKTeX 2.9\tex\latex\graphics\trig.sty"
Package: trig 1999/03/16 v1.09 sin cos tan (DPC)
)
("C:\Program Files (x86)\MiKTeX 2.9\tex\latex\00miktex\graphics.cfg"
File: graphics.cfg 2007/01/18 v1.5 graphics configuration of teTeX/TeXLive
)
Package graphics Info: Driver file: pdftex.def on input line 91.

("C:\Program Files (x86)\MiKTeX 2.9\tex\latex\pdftex-def\pdftex.def"
File: pdftex.def 2011/05/27 v0.06d Graphics/color for pdfTeX

("C:\Program Files (x86)\MiKTeX 2.9\tex\generic\oberdiek\infwarerr.sty"
Package: infwarerr 2010/04/08 v1.3 Providing info/warning/error messages (HO)
)
("C:\Program Files (x86)\MiKTeX 2.9\tex\generic\oberdiek\ltxcmds.sty"
Package: ltxcmds 2011/11/09 v1.22 LaTeX kernel commands for general use (HO)
)
\Gread@gobject=\count87
))
\Gin@req@height=\dimen103
\Gin@req@width=\dimen104
)
(C:\Users\Eduan\Documents\GitHub\COS301_Phase2\design.aux)
LaTeX Font Info:    Checking defaults for OML/cmm/m/it on input line 14.
LaTeX Font Info:    ... okay on input line 14.
LaTeX Font Info:    Checking defaults for T1/cmr/m/n on input line 14.
LaTeX Font Info:    ... okay on input line 14.
LaTeX Font Info:    Checking defaults for OT1/cmr/m/n on input line 14.
LaTeX Font Info:    ... okay on input line 14.
LaTeX Font Info:    Checking defaults for OMS/cmsy/m/n on input line 14.
LaTeX Font Info:    ... okay on input line 14.
LaTeX Font Info:    Checking defaults for OMX/cmex/m/n on input line 14.
LaTeX Font Info:    ... okay on input line 14.
LaTeX Font Info:    Checking defaults for U/cmr/m/n on input line 14.
LaTeX Font Info:    ... okay on input line 14.

("C:\Program Files (x86)\MiKTeX 2.9\tex\context\base\supp-pdf.mkii"
[Loading MPS to PDF converter (version 2006.09.02).]
\scratchcounter=\count88
\scratchdimen=\dimen105
\scratchbox=\box26
\nofMPsegments=\count89
\nofMParguments=\count90
\everyMPshowfont=\toks15
\MPscratchCnt=\count91
\MPscratchDim=\dimen106
\MPnumerator=\count92
\makeMPintoPDFobject=\count93
\everyMPtoPDFconversion=\toks16
) [1

{C:/ProgramData/MiKTeX/2.9/pdftex/config/pdftex.map}]
(C:\Users\Eduan\Documents\GitHub\COS301_Phase2\design.toc
LaTeX Font Info:    External font `cmex10' loaded for size
(Font)              <12> on input line 2.
LaTeX Font Info:    External font `cmex10' loaded for size
(Font)              <8> on input line 2.
LaTeX Font Info:    External font `cmex10' loaded for size
(Font)              <6> on input line 2.
)
\tf@toc=\write3
 [1]
LaTeX Font Info:    Try loading font information for OMS+cmr on input line 47.

("C:\Program Files (x86)\MiKTeX 2.9\tex\latex\base\omscmr.fd"
File: omscmr.fd 1999/05/25 v2.5h Standard LaTeX font definitions
)
LaTeX Font Info:    Font shape `OMS/cmr/m/n' in size <12> not available
(Font)              Font shape `OMS/cmsy/m/n' tried instead on input line 47.
 [2] [3] [4]
<./DatabaseDiagram/Backend_Database.jpg, id=20, 630.85687pt x 444.15938pt>
File: ./DatabaseDiagram/Backend_Database.jpg Graphic file (type jpg)

<use ./DatabaseDiagram/Backend_Database.jpg>
Package pdftex.def Info: ./DatabaseDiagram/Backend_Database.jpg used on input l
ine 169.
(pdftex.def)             Requested size: 504.68619pt x 355.32797pt.

Overfull \hbox (34.9312pt too wide) in paragraph at lines 169--170
 [][] 
 []


<./AndroidActivityDiagrams/ActivityDiagram1.jpg, id=21, 359.3425pt x 337.26pt>
File: ./AndroidActivityDiagrams/ActivityDiagram1.jpg Graphic file (type jpg)

<use ./AndroidActivityDiagrams/ActivityDiagram1.jpg>
Package pdftex.def Info: ./AndroidActivityDiagrams/ActivityDiagram1.jpg used on
 input line 178.
(pdftex.def)             Requested size: 251.53802pt x 236.08038pt.

Underfull \hbox (badness 10000) in paragraph at lines 174--181

 []


LaTeX Warning: `h' float specifier changed to `ht'.


Underfull \hbox (badness 10000) in paragraph at lines 182--184

 []

[5 <C:/Users/Eduan/Documents/GitHub/COS301_Phase2/DatabaseDiagram/Backend_Datab
ase.jpg>]
<./AndroidActivityDiagrams/ActivityDiagram2.jpg, id=25, 156.585pt x 377.41pt>
File: ./AndroidActivityDiagrams/ActivityDiagram2.jpg Graphic file (type jpg)

<use ./AndroidActivityDiagrams/ActivityDiagram2.jpg>
Package pdftex.def Info: ./AndroidActivityDiagrams/ActivityDiagram2.jpg used on
 input line 190.
(pdftex.def)             Requested size: 125.26816pt x 301.9284pt.

Underfull \hbox (badness 10000) in paragraph at lines 185--193

 []


LaTeX Warning: `h' float specifier changed to `ht'.

<./AndroidActivityDiagrams/ActivityDiagram3.jpg, id=26, 176.66pt x 538.01pt>
File: ./AndroidActivityDiagrams/ActivityDiagram3.jpg Graphic file (type jpg)

<use ./AndroidActivityDiagrams/ActivityDiagram3.jpg>
Package pdftex.def Info: ./AndroidActivityDiagrams/ActivityDiagram3.jpg used on
 input line 199.
(pdftex.def)             Requested size: 123.66115pt x 376.60443pt.

Underfull \hbox (badness 10000) in paragraph at lines 194--202

 []


LaTeX Warning: `h' float specifier changed to `ht'.

[6 <C:/Users/Eduan/Documents/GitHub/COS301_Phase2/AndroidActivityDiagrams/Activ
ityDiagram1.jpg>]
Missing character: There is no â in font cmr12!
Missing character: There is no € in font cmr12!
Missing character: There is no ™ in font cmr12!

<./AndroidActivityDiagrams/ActivityDiagram5.jpg, id=31, 539.01375pt x 548.0475p
t>
File: ./AndroidActivityDiagrams/ActivityDiagram5.jpg Graphic file (type jpg)
 <use ./AndroidActivityDiagrams/ActivityDiagram5.jpg>
Package pdftex.def Info: ./AndroidActivityDiagrams/ActivityDiagram5.jpg used on
 input line 210.
(pdftex.def)             Requested size: 377.30704pt x 383.63063pt.

Underfull \hbox (badness 10000) in paragraph at lines 205--213

 []


LaTeX Warning: `h' float specifier changed to `ht'.

[7 <C:/Users/Eduan/Documents/GitHub/COS301_Phase2/AndroidActivityDiagrams/Activ
ityDiagram2.jpg>]
<./AndroidActivityDiagrams/ActivityDiagram6.jpg, id=35, 403.5075pt x 412.54124p
t>
File: ./AndroidActivityDiagrams/ActivityDiagram6.jpg Graphic file (type jpg)
 <use ./AndroidActivityDiagrams/ActivityDiagram6.jpg>
Package pdftex.def Info: ./AndroidActivityDiagrams/ActivityDiagram6.jpg used on
 input line 220.
(pdftex.def)             Requested size: 282.45332pt x 288.7769pt.

Underfull \hbox (badness 10000) in paragraph at lines 215--223

 []


LaTeX Warning: `h' float specifier changed to `ht'.

[8 <C:/Users/Eduan/Documents/GitHub/COS301_Phase2/AndroidActivityDiagrams/Activ
ityDiagram3.jpg>]
<./AndroidActivityDiagrams/ActivityDiagram4.jpg, id=39, 538.01pt x 457.71pt>
File: ./AndroidActivityDiagrams/ActivityDiagram4.jpg Graphic file (type jpg)

<use ./AndroidActivityDiagrams/ActivityDiagram4.jpg>
Package pdftex.def Info: ./AndroidActivityDiagrams/ActivityDiagram4.jpg used on
 input line 230.
(pdftex.def)             Requested size: 376.60443pt x 320.39482pt.

Underfull \hbox (badness 10000) in paragraph at lines 225--233

 []


LaTeX Warning: `h' float specifier changed to `ht'.

[9 <C:/Users/Eduan/Documents/GitHub/COS301_Phase2/AndroidActivityDiagrams/Activ
ityDiagram5.jpg>] [10 <C:/Users/Eduan/Documents/GitHub/COS301_Phase2/AndroidAct
ivityDiagrams/ActivityDiagram6.jpg> <C:/Users/Eduan/Documents/GitHub/COS301_Pha
se2/AndroidActivityDiagrams/ActivityDiagram4.jpg>]
(C:\Users\Eduan\Documents\GitHub\COS301_Phase2\design.aux) ) 
Here is how much of TeX's memory you used:
 1190 strings out of 493921
 17034 string characters out of 3144876
 68001 words of memory out of 3000000
 4510 multiletter control sequences out of 15000+200000
 8500 words of font info for 30 fonts, out of 3000000 for 9000
 841 hyphenation exceptions out of 8191
 27i,7n,19p,274b,254s stack positions out of 5000i,500n,10000p,200000b,50000s
<C:/Program Files (
x86)/MiKTeX 2.9/fonts/type1/public/amsfonts/cm/cmbx12.pfb><C:/Program Files (x8
6)/MiKTeX 2.9/fonts/type1/public/amsfonts/cm/cmr12.pfb><C:/Program Files (x86)/
MiKTeX 2.9/fonts/type1/public/amsfonts/cm/cmsy10.pfb>
Output written on design.pdf (11 pages, 506135 bytes).
PDF statistics:
 57 PDF objects out of 1000 (max. 8388607)
 0 named destinations out of 1000 (max. 500000)
 36 words of extra memory for PDF output out of 10000 (max. 10000000)

